<?xml version="1.0" encoding="UTF-8"?>
<!-- Generated by org.testng.reporters.JUnitXMLReporter -->
<testsuite ignored="0" hostname="IN3120371W1" failures="1" tests="1" name="edge" time="1.868" errors="0" timestamp="2022-01-25T16:12:45 IST">
  <testcase classname="testRunners.CutomizeTestNGCucmberRunner" name="runScenario" time="0.127">
    <failure type="java.lang.NullPointerException" message="Cannot invoke &amp;quot;String.hashCode()&amp;quot; because &amp;quot;browserName&amp;quot; is null">
      <![CDATA[java.lang.NullPointerException: Cannot invoke "String.hashCode()" because "browserName" is null
at utilities.DriverManager.setUp(DriverManager.java:22)
at steps.dashboardStepDef.i_enter_email_(dashboardStepDef.java:19)
at ✽.Browser should be open and user should be 'dev.clocr.com' site(file:///C:/Users/EB933HU/eclipse-workspace/ClocrBDDFramework/src/test/resources/features/Ecard.feature:8)
]]>
    </failure>
  </testcase> <!-- runScenario -->
</testsuite> <!-- edge -->
