<?xml version="1.0" encoding="UTF-8"?>
<!-- Generated by org.testng.reporters.JUnitXMLReporter -->
<testsuite ignored="0" hostname="IN3120371W1" failures="1" tests="1" name="Chrome" time="21.756" errors="0" timestamp="2021-12-28T17:21:34 IST">
  <testcase classname="testRunners.RunnerBase" name="scenario" time="0.276">
    <failure type="java.lang.NullPointerException">
      <![CDATA[java.lang.NullPointerException
at java.base/java.util.Objects.requireNonNull(Objects.java:208)
at org.openqa.selenium.support.ui.FluentWait.<init>(FluentWait.java:106)
at org.openqa.selenium.support.ui.WebDriverWait.<init>(WebDriverWait.java:85)
at org.openqa.selenium.support.ui.WebDriverWait.<init>(WebDriverWait.java:45)
at pages.BasePage.waitForVisibility(BasePage.java:22)
at pages.BasePage.clear(BasePage.java:26)
at pages.LoginPage.enterUserName(LoginPage.java:31)
at stepDefinations.Steps.iEnterUsernameAs(Steps.java:14)
at ✽.I enter email as "pankaj.clocr@yopmail.com"(file:///C:/Users/EB933HU/eclipse-workspace/ClocrBDDFramework/src/test/resources/Features/Login.feature:12)
]]>
    </failure>
  </testcase> <!-- scenario -->
</testsuite> <!-- Chrome -->
