<?xml version="1.0" encoding="UTF-8"?>
<testng-results ignored="0" total="1" passed="0" failed="1" skipped="0">
  <reporter-output>
  </reporter-output>
  <suite started-at="2021-12-28T17:21:13 IST" name="Suite" finished-at="2021-12-28T17:21:34 IST" duration-ms="21756">
    <groups>
      <group name="cucumber">
        <method signature="RunnerBase.scenario(io.cucumber.testng.PickleWrapper,io.cucumber.testng.FeatureWrapper)[pri:0, instance:testRunners.MyTestRunner@12aba8be]" name="scenario" class="testRunners.RunnerBase"/>
      </group> <!-- cucumber -->
    </groups>
    <test started-at="2021-12-28T17:21:13 IST" name="Chrome" finished-at="2021-12-28T17:21:34 IST" duration-ms="21756">
      <class name="testRunners.MyTestRunner">
        <test-method is-config="true" signature="setUpClass(java.lang.String)[pri:0, instance:testRunners.MyTestRunner@12aba8be]" started-at="2021-12-28T17:21:13 IST" name="setUpClass" finished-at="2021-12-28T17:21:32 IST" duration-ms="19833" status="PASS">
          <params>
            <param index="0">
              <value>
                <![CDATA[chrome]]>
              </value>
            </param>
          </params>
          <reporter-output>
          </reporter-output>
        </test-method> <!-- setUpClass -->
        <test-method signature="scenario(io.cucumber.testng.PickleWrapper,io.cucumber.testng.FeatureWrapper)[pri:0, instance:testRunners.MyTestRunner@12aba8be]" started-at="2021-12-28T17:21:32 IST" name="scenario" description="Runs Cucumber Scenarios" data-provider="scenarios" finished-at="2021-12-28T17:21:33 IST" duration-ms="276" status="FAIL">
          <params>
            <param index="0">
              <value>
                <![CDATA["Login with valid user name and otp"]]>
              </value>
            </param>
            <param index="1">
              <value>
                <![CDATA["Optional[Login functionality]"]]>
              </value>
            </param>
          </params>
          <exception class="java.lang.NullPointerException">
            <full-stacktrace>
              <![CDATA[java.lang.NullPointerException
at java.base/java.util.Objects.requireNonNull(Objects.java:208)
at org.openqa.selenium.support.ui.FluentWait.<init>(FluentWait.java:106)
at org.openqa.selenium.support.ui.WebDriverWait.<init>(WebDriverWait.java:85)
at org.openqa.selenium.support.ui.WebDriverWait.<init>(WebDriverWait.java:45)
at pages.BasePage.waitForVisibility(BasePage.java:22)
at pages.BasePage.clear(BasePage.java:26)
at pages.LoginPage.enterUserName(LoginPage.java:31)
at stepDefinations.Steps.iEnterUsernameAs(Steps.java:14)
at ✽.I enter email as "pankaj.clocr@yopmail.com"(file:///C:/Users/EB933HU/eclipse-workspace/ClocrBDDFramework/src/test/resources/Features/Login.feature:12)
]]>
            </full-stacktrace>
          </exception> <!-- java.lang.NullPointerException -->
          <reporter-output>
          </reporter-output>
        </test-method> <!-- scenario -->
        <test-method is-config="true" signature="tearDownClass()[pri:0, instance:testRunners.MyTestRunner@12aba8be]" started-at="2021-12-28T17:21:33 IST" name="tearDownClass" finished-at="2021-12-28T17:21:34 IST" duration-ms="1587" status="PASS">
          <reporter-output>
          </reporter-output>
        </test-method> <!-- tearDownClass -->
      </class> <!-- testRunners.MyTestRunner -->
    </test> <!-- Chrome -->
  </suite> <!-- Suite -->
</testng-results>
