<?xml version="1.0" encoding="UTF-8"?>
<testsuite xmlns:xsi="http://www.w3.org/2001/XMLSchema-instance" xsi:noNamespaceSchemaLocation="https://maven.apache.org/surefire/maven-surefire-plugin/xsd/surefire-test-report-3.0.xsd" version="3.0" name="TestSuite" time="22.535" tests="1" errors="0" skipped="0" failures="1">
  <properties>
[...]
</properties>
  <testcase name="scenario[&quot;Login with valid user name and otp&quot;, &quot;Optional[Login functionality]&quot;](1)" classname="testRunners.MyTestRunner" time="0.259">
    <failure type="java.lang.NullPointerException"><![CDATA[java.lang.NullPointerException
]]></failure>
    <system-out><![CDATA[
@test
Scenario Outline: Login with valid user name and otp # src/test/resources/Features/Login.feature:20
  When I enter email as "pankaj.clocr@yopmail.com"   # stepDefinations.Steps.iEnterUsernameAs(java.lang.String)
      java.lang.NullPointerException
	at java.base/java.util.Objects.requireNonNull(Objects.java:208)
	at org.openqa.selenium.support.ui.FluentWait.<init>(FluentWait.java:106)
	at org.openqa.selenium.support.ui.WebDriverWait.<init>(WebDriverWait.java:85)
	at org.openqa.selenium.support.ui.WebDriverWait.<init>(WebDriverWait.java:45)
	at pages.BasePage.waitForVisibility(BasePage.java:22)
	at pages.BasePage.clear(BasePage.java:26)
	at pages.LoginPage.enterUserName(LoginPage.java:31)
	at stepDefinations.Steps.iEnterUsernameAs(Steps.java:14)
	at âœ½.I enter email as "pankaj.clocr@yopmail.com"(file:///C:/Users/EB933HU/eclipse-workspace/ClocrBDDFramework/src/test/resources/Features/Login.feature:12)

  And I take the otp from yopmail
  And I enter the otp
  And I enter password as "Welcome@123"              # stepDefinations.Steps.iEnterPasswordAs(java.lang.String)
  And I hit login
  Then login should redirect to tutorials page
]]></system-out>
    <system-err><![CDATA[SLF4J: Failed to load class "org.slf4j.impl.StaticLoggerBinder".
SLF4J: Defaulting to no-operation (NOP) logger implementation
SLF4J: See http://www.slf4j.org/codes.html#StaticLoggerBinder for further details.
Starting ChromeDriver 96.0.4664.45 (76e4c1bb2ab4671b8beba3444e61c0f17584b2fc-refs/branch-heads/4664@{#947}) on port 46649
Only local connections are allowed.
Please see https://chromedriver.chromium.org/security-considerations for suggestions on keeping ChromeDriver safe.
ChromeDriver was started successfully.
Dec 28, 2021 5:21:21 PM org.openqa.selenium.remote.ProtocolHandshake createSession
INFO: Detected dialect: W3C
]]></system-err>
  </testcase>
</testsuite>