<?xml version="1.0" encoding="UTF-8"?>
<testng-results ignored="0" total="1" passed="1" failed="0" skipped="0">
  <reporter-output>
  </reporter-output>
  <suite started-at="2022-01-31T14:51:23 IST" name="Default suite" finished-at="2022-01-31T14:53:56 IST" duration-ms="152488">
    <groups>
      <group name="cucumber">
        <method signature="CutomizeTestNGCucmberRunner.runScenario(io.cucumber.testng.PickleWrapper,io.cucumber.testng.FeatureWrapper)[pri:0, instance:testRunners.RunnerBase@4a83a74a]" name="runScenario" class="testRunners.CutomizeTestNGCucmberRunner"/>
      </group> <!-- cucumber -->
    </groups>
    <test started-at="2022-01-31T14:51:23 IST" name="Default test" finished-at="2022-01-31T14:53:56 IST" duration-ms="152488">
      <class name="testRunners.RunnerBase">
        <test-method is-config="true" signature="setUpClass()[pri:0, instance:testRunners.RunnerBase@4a83a74a]" started-at="2022-01-31T14:51:23 IST" name="setUpClass" finished-at="2022-01-31T14:51:25 IST" duration-ms="1579" status="PASS">
          <reporter-output>
          </reporter-output>
        </test-method> <!-- setUpClass -->
        <test-method signature="runScenario(io.cucumber.testng.PickleWrapper,io.cucumber.testng.FeatureWrapper)[pri:0, instance:testRunners.RunnerBase@4a83a74a]" started-at="2022-01-31T14:51:25 IST" name="runScenario" description="Runs Cucumber Scenarios" data-provider="scenarios" finished-at="2022-01-31T14:53:54 IST" duration-ms="148701" status="PASS">
          <params>
            <param index="0">
              <value>
                <![CDATA["User should navigate to emergency card page"]]>
              </value>
            </param>
            <param index="1">
              <value>
                <![CDATA["Optional[Emergency card]"]]>
              </value>
            </param>
          </params>
          <reporter-output>
          </reporter-output>
        </test-method> <!-- runScenario -->
        <test-method is-config="true" signature="tearDownClass()[pri:0, instance:testRunners.RunnerBase@4a83a74a]" started-at="2022-01-31T14:53:54 IST" name="tearDownClass" finished-at="2022-01-31T14:53:56 IST" duration-ms="2114" status="PASS">
          <reporter-output>
          </reporter-output>
        </test-method> <!-- tearDownClass -->
      </class> <!-- testRunners.RunnerBase -->
    </test> <!-- Default test -->
  </suite> <!-- Default suite -->
</testng-results>
