<?xml version="1.0" encoding="UTF-8"?>
<testng-results ignored="0" total="1" passed="0" failed="1" skipped="0">
  <reporter-output>
  </reporter-output>
  <suite started-at="2022-02-02T14:00:57 IST" name="Default suite" finished-at="2022-02-02T14:03:37 IST" duration-ms="160307">
    <groups>
      <group name="cucumber">
        <method signature="CutomizeTestNGCucmberRunner.runScenario(io.cucumber.testng.PickleWrapper,io.cucumber.testng.FeatureWrapper)[pri:0, instance:testRunners.RunnerBase@4a83a74a]" name="runScenario" class="testRunners.CutomizeTestNGCucmberRunner"/>
      </group> <!-- cucumber -->
    </groups>
    <test started-at="2022-02-02T14:00:57 IST" name="Default test" finished-at="2022-02-02T14:03:37 IST" duration-ms="160307">
      <class name="testRunners.RunnerBase">
        <test-method is-config="true" signature="setUpClass()[pri:0, instance:testRunners.RunnerBase@4a83a74a]" started-at="2022-02-02T14:00:57 IST" name="setUpClass" finished-at="2022-02-02T14:00:59 IST" duration-ms="1585" status="PASS">
          <reporter-output>
          </reporter-output>
        </test-method> <!-- setUpClass -->
        <test-method signature="runScenario(io.cucumber.testng.PickleWrapper,io.cucumber.testng.FeatureWrapper)[pri:0, instance:testRunners.RunnerBase@4a83a74a]" started-at="2022-02-02T14:00:59 IST" name="runScenario" description="Runs Cucumber Scenarios" data-provider="scenarios" finished-at="2022-02-02T14:03:32 IST" duration-ms="153114" status="FAIL">
          <params>
            <param index="0">
              <value>
                <![CDATA["User should navigate to emergency card page"]]>
              </value>
            </param>
            <param index="1">
              <value>
                <![CDATA["Optional[Emergency card]"]]>
              </value>
            </param>
          </params>
          <exception class="java.lang.NullPointerException">
            <message>
              <![CDATA[Cannot invoke "org.openqa.selenium.WebDriver.findElement(org.openqa.selenium.By)" because "this.driver" is null]]>
            </message>
            <full-stacktrace>
              <![CDATA[java.lang.NullPointerException: Cannot invoke "org.openqa.selenium.WebDriver.findElement(org.openqa.selenium.By)" because "this.driver" is null
at pages.EmergencyCardPage.buttonElement(EmergencyCardPage.java:106)
at pages.EmergencyCardPage.clickOnDownloadCardButton(EmergencyCardPage.java:327)
at steps.ecardStepDef.clickOnDownloadCardButton(ecardStepDef.java:103)
at ✽.Click on Download Card button, then it should download the Card(file:///C:/Users/ADMIN/git/ClocrBDDFramework/src/test/resources/features/Ecard.feature:30)
]]>
            </full-stacktrace>
          </exception> <!-- java.lang.NullPointerException -->
          <reporter-output>
          </reporter-output>
        </test-method> <!-- runScenario -->
        <test-method is-config="true" signature="tearDownClass()[pri:0, instance:testRunners.RunnerBase@4a83a74a]" started-at="2022-02-02T14:03:32 IST" name="tearDownClass" finished-at="2022-02-02T14:03:37 IST" duration-ms="5411" status="PASS">
          <reporter-output>
          </reporter-output>
        </test-method> <!-- tearDownClass -->
      </class> <!-- testRunners.RunnerBase -->
    </test> <!-- Default test -->
  </suite> <!-- Default suite -->
</testng-results>
