<?xml version="1.0" encoding="UTF-8"?>
<!-- Generated by org.testng.reporters.JUnitReportReporter -->
<testsuite hostname="IN3120371W1" failures="0" tests="1" name="testRunners.MyTestRunner" time="0.417" errors="1" timestamp="2021-12-29T14:11:38 IST" skipped="0">
  <testcase classname="testRunners.MyTestRunner" name="scenario" time="0.417">
    <error type="java.lang.NullPointerException">
      <![CDATA[java.lang.NullPointerException
at java.base/java.util.Objects.requireNonNull(Objects.java:208)
at org.openqa.selenium.support.ui.FluentWait.<init>(FluentWait.java:106)
at org.openqa.selenium.support.ui.WebDriverWait.<init>(WebDriverWait.java:85)
at org.openqa.selenium.support.ui.WebDriverWait.<init>(WebDriverWait.java:45)
at pages.BasePage.waitForVisibility(BasePage.java:22)
at pages.BasePage.sendKeys(BasePage.java:50)
at pages.LoginPage.enterUserName(LoginPage.java:33)
at stepDefinations.LoginStepDef.i_enter_email_as(LoginStepDef.java:15)
at ✽.I enter email as "pankaj.clocr@yopmail.com"(file:///C:/Users/EB933HU/eclipse-workspace/ClocrBDDFramework/src/test/resources/features/Login.feature:12)
]]>
    </error>
  </testcase> <!-- scenario -->
  <system-out/>
</testsuite> <!-- testRunners.MyTestRunner -->
