<?xml version="1.0" encoding="UTF-8"?>
<!-- Generated by org.testng.reporters.JUnitReportReporter -->
<testsuite hostname="DESKTOP-5GLQOAL" failures="0" tests="1" name="testRunners.RunnerBase" time="153.114" errors="1" timestamp="2022-02-02T14:03:37 IST" skipped="0">
  <testcase classname="testRunners.RunnerBase" name="runScenario" time="153.114">
    <error message="Cannot invoke &quot;org.openqa.selenium.WebDriver.findElement(org.openqa.selenium.By)&quot; because &quot;this.driver&quot; is null" type="java.lang.NullPointerException">
      <![CDATA[java.lang.NullPointerException: Cannot invoke "org.openqa.selenium.WebDriver.findElement(org.openqa.selenium.By)" because "this.driver" is null
at pages.EmergencyCardPage.buttonElement(EmergencyCardPage.java:106)
at pages.EmergencyCardPage.clickOnDownloadCardButton(EmergencyCardPage.java:327)
at steps.ecardStepDef.clickOnDownloadCardButton(ecardStepDef.java:103)
at ✽.Click on Download Card button, then it should download the Card(file:///C:/Users/ADMIN/git/ClocrBDDFramework/src/test/resources/features/Ecard.feature:30)
]]>
    </error>
  </testcase> <!-- runScenario -->
  <system-out/>
</testsuite> <!-- testRunners.RunnerBase -->
